<?xml version="1.0" encoding="UTF-8"?>
<!-- Generated by org.testng.reporters.JUnitReportReporter -->
<testsuite hostname="DESKTOP-RB6EGR3" failures="0" tests="1" name="com.macswid.OrderCompleteTest" time="11.062" errors="0" timestamp="2023-04-13T12:46:23 CEST" skipped="0">
  <testcase classname="com.macswid.OrderCompleteTest" name="endToEndTest" time="11.062"/>
  <system-out/>
</testsuite> <!-- com.macswid.OrderCompleteTest -->
